0.0                    1.5075376884422111
7.521048999309869E-4                    33.66834170854271
0.001611249137336094                    64.321608040201
0.0024154589371980675                    97.98994974874371
0.003726708074534162                    133.16582914572865
0.005244996549344376                    169.3467336683417
0.006832298136645963                    204.02010050251258
0.008350586611456177                    229.64824120603015
0.010351966873706004                    254.2713567839196
0.011318150448585232                    266.3316582914573
0.013043478260869566                    282.41206030150755
0.014906832298136647                    293.4673366834171
0.01677018633540373                    302.51256281407035
0.018978605935127676                    312.56281407035175
0.02132505175983437                    317.58793969849245
0.023809523809523808                    322.1105527638191
0.026501035196687374                    325.6281407035176
0.030020703933747412                    330.1507537688442
0.03340234644582471                    333.16582914572865
0.03671497584541063                    335.1758793969849
0.040372670807453416                    338.19095477386935
0.04389233954451346                    338.19095477386935
0.04727398205659075                    339.69849246231155
0.0497584541062802                    338.19095477386935
0.05196687370600414                    336.68341708542715
0.055348516218081435                    331.65829145728645
0.0590752242926156                    325.6281407035176
0.06252587991718427                    321.10552763819095
0.0665976535541753                    313.5678391959799
0.07025534851621809                    306.03015075376885
0.07481021394064873                    298.4924623115578
0.07922705314009662                    291.4572864321608
0.08309178743961353                    284.9246231155779
0.08564527260179434                    279.3969849246231
0.08847481021394066                    276.3819095477387
0.09137336093857834                    272.8643216080402
0.09392684610075915                    269.3467336683417
0.09668737060041407                    266.83417085427135