0.0                    0.0
6.770620581304006E-4                    19.90521327014218
0.0018082482325216025                    54.73933649289099
0.0023252160251374704                    75.71090047393365
0.003330714846818539                    97.39336492890995
0.004273369992144541                    117.29857819905213
0.005027494108405342                    131.5165876777251
0.00603299293008641                    145.02369668246445
0.007289866457187745                    160.66350710900474
0.008295365278868814                    170.260663507109
0.009426551453260016                    179.14691943127963
0.010934799685781618                    190.521327014218
0.012128829536527887                    198.69668246445497
0.013888452474469756                    206.5165876777251
0.015522388059701494                    213.62559241706163
0.017470542026708565                    219.66824644549763
0.019732914375490965                    225.35545023696682
0.021869599371563235                    228.55450236966826
0.02457187745483111                    232.46445497630333
0.02714846818538885                    236.01895734597156
0.03003927729772192                    238.50710900473933
0.03324430479183032                    240.9952606635071
0.036323644933228594                    242.77251184834122
0.03883739198743126                    244.54976303317537
0.042356637863315005                    245.61611374407582
0.04549882168106834                    246.6824644549763
0.047195600942655146                    246.6824644549763
0.04933228593872742                    245.97156398104266
0.05247446975648075                    243.4834123222749
0.05517674783974862                    241.70616113744074
0.05825608798114689                    237.44075829383885
0.06152395915161037                    232.46445497630333
0.06466614296936371                    227.8436018957346
0.06787117046347212                    223.5781990521327
0.07151610369206599                    219.3127962085308
0.07465828750981933                    215.40284360189574
0.078114689709348                    213.62559241706163
0.08345640219952868                    209.71563981042655
