0.0                    0.0
5.063291139240507E-4                    17.17049576783555
0.0020189873417721519                    49.09310761789601
0.0030379746835443038                    67.23095525997581
0.004050632911392405                    81.01571946795647
0.00489451476793249                    90.68923821039903
0.005738396624472574                    98.66989117291415
0.006751054852320675                    104.95767835550181
0.008776371308016877                    110.03627569528416
0.011139240506329114                    113.66384522370012
0.014177215189873419                    117.53325272067714
0.018227848101265823                    121.1608222490931
0.02329113924050633                    123.82103990326482
0.02869198312236287                    125.51390568319226
0.032067510548523206                    127.44860943168078
0.034936708860759495                    128.65779927448608
0.04033755274261604                    129.8669891172914
0.04827004219409283                    132.043530834341
0.05687763713080169                    134.22007255139056
0.06582278481012659                    136.39661426844015
0.07139240506329114                    137.84764207980652
0.07932489451476793                    141.23337363966144
0.08573839662447258                    142.92623941958888
0.08978902953586498                    144.61910519951633
0.09569620253164557                    147.03748488512696
0.10464135021097046                    149.69770253929866
0.10970464135021098                    150.42321644498188
0.11510548523206751                    151.3905683192261
0.12253164556962026                    152.8415961305925
0.13046413502109708                    154.53446191051995
0.13755274261603376                    155.01813784764207
0.1429535864978903                    155.74365175332528
0.15054852320675105                    155.5018137847642
0.15679324894514768                    155.01813784764207
0.16421940928270043                    154.29262394195888
0.169789029535865                    154.29262394195888
0.17670886075949369                    153.32527206771462
0.1837974683544304                    151.63240628778718
0.19054852320675106                    150.66505441354292
0.20016877637130803                    149.69770253929866